<?xml version="1.0" encoding="UTF-8"?>
<!-- Generated by org.testng.reporters.JUnitReportReporter -->
<testsuite skipped="0" hostname="IXED-LAP00123" name="com.companyname.testCases.TestLogin" tests="1" failures="0" timestamp="22 Dec 2018 11:37:37 GMT" time="4.494" errors="0">
  <testcase name="testLogIn" time="4.494" classname="com.companyname.testCases.TestLogin"/>
</testsuite> <!-- com.companyname.testCases.TestLogin -->
