<?xml version="1.0" encoding="UTF-8"?>
<!-- Generated by org.testng.reporters.JUnitReportReporter -->
<testsuite skipped="0" hostname="IXED-LAP00123" name="com.companyname.testCases.Test0001" tests="1" failures="0" timestamp="22 Dec 2018 09:17:06 GMT" time="5.983" errors="0">
  <testcase name="sampleTestcase" time="5.983" classname="com.companyname.testCases.Test0001"/>
</testsuite> <!-- com.companyname.testCases.Test0001 -->
